{"level":"info","message":"Server is running on port 3000","timestamp":"2025-01-29T15:25:59.667Z"}
{"level":"info","message":"Cleanup jobs started","timestamp":"2025-01-29T15:25:59.866Z"}
{"duration":13,"ip":"::1","level":"info","message":"Request processed","method":"POST","path":"/signup","statusCode":400,"timestamp":"2025-01-29T15:27:51.042Z"}
{"duration":17,"ip":"::1","level":"info","message":"Request processed","method":"POST","path":"/signup","statusCode":400,"timestamp":"2025-01-29T15:30:44.497Z"}
{"level":"info","message":"Server is running on port 3000","timestamp":"2025-01-29T15:30:55.947Z"}
{"level":"info","message":"Cleanup jobs started","timestamp":"2025-01-29T15:30:56.045Z"}
{"duration":12,"ip":"::1","level":"info","message":"Request processed","method":"POST","path":"/signup","statusCode":400,"timestamp":"2025-01-29T15:31:07.772Z"}
{"level":"info","message":"Server is running on port 3000","timestamp":"2025-01-30T14:02:59.651Z"}
{"level":"info","message":"Cleanup jobs started","timestamp":"2025-01-30T14:02:59.671Z"}
{"duration":10,"ip":"::1","level":"info","message":"Request processed","method":"POST","path":"/signup","statusCode":400,"timestamp":"2025-01-30T14:07:01.378Z"}
{"level":"info","message":"Server is running on port 3000","timestamp":"2025-01-30T14:10:38.517Z"}
{"level":"info","message":"Cleanup jobs started","timestamp":"2025-01-30T14:10:38.535Z"}
{"level":"info","message":"Server is running on port 3000","timestamp":"2025-01-30T14:12:50.130Z"}
{"level":"info","message":"Cleanup jobs started","timestamp":"2025-01-30T14:12:50.217Z"}
{"level":"info","message":"Server is running on port 3000","timestamp":"2025-01-30T14:13:26.335Z"}
{"level":"info","message":"Cleanup jobs started","timestamp":"2025-01-30T14:13:26.437Z"}
{"level":"info","message":"Server is running on port 3000","timestamp":"2025-01-30T14:13:46.267Z"}
{"level":"info","message":"Cleanup jobs started","timestamp":"2025-01-30T14:13:46.295Z"}
{"level":"info","message":"Server is running on port 3000","timestamp":"2025-01-30T14:15:31.788Z"}
{"level":"info","message":"Cleanup jobs started","timestamp":"2025-01-30T14:15:31.810Z"}
{"level":"info","message":"Server is running on port 3000","timestamp":"2025-01-30T14:17:03.856Z"}
{"level":"info","message":"Cleanup jobs started","timestamp":"2025-01-30T14:17:03.881Z"}
{"level":"info","message":"Server is running on port 3000","timestamp":"2025-01-30T14:17:26.093Z"}
{"level":"info","message":"Cleanup jobs started","timestamp":"2025-01-30T14:17:26.117Z"}
{"level":"info","message":"Server is running on port 3000","timestamp":"2025-01-30T14:17:50.032Z"}
{"level":"info","message":"Cleanup jobs started","timestamp":"2025-01-30T14:17:50.068Z"}
{"duration":10,"ip":"::1","level":"info","message":"Request processed","method":"POST","path":"/signup","statusCode":400,"timestamp":"2025-01-30T14:19:40.227Z"}
{"duration":5,"ip":"::1","level":"info","message":"Request processed","method":"POST","path":"/signup","statusCode":400,"timestamp":"2025-01-30T14:23:38.452Z"}
{"level":"info","message":"Server is running on port 3000","timestamp":"2025-01-30T14:29:55.363Z"}
{"level":"info","message":"Cleanup jobs started","timestamp":"2025-01-30T14:29:55.450Z"}
{"level":"info","message":"Server is running on port 3000","timestamp":"2025-01-30T14:31:02.705Z"}
{"level":"info","message":"Cleanup jobs started","timestamp":"2025-01-30T14:31:02.750Z"}
{"duration":27,"ip":"::1","level":"info","message":"Request processed","method":"POST","path":"/signup","statusCode":400,"timestamp":"2025-01-30T14:31:54.560Z"}
{"level":"info","message":"Server is running on port 3000","timestamp":"2025-01-30T14:33:40.095Z"}
{"level":"info","message":"Cleanup jobs started","timestamp":"2025-01-30T14:33:40.138Z"}
{"duration":10,"ip":"::1","level":"info","message":"Request processed","method":"POST","path":"/signup","statusCode":400,"timestamp":"2025-01-30T14:33:42.626Z"}
{"duration":2,"ip":"::1","level":"info","message":"Request processed","method":"POST","path":"/signup","statusCode":400,"timestamp":"2025-01-30T14:33:47.355Z"}
{"level":"info","message":"Server is running on port 3000","timestamp":"2025-01-30T14:35:26.258Z"}
{"level":"info","message":"Cleanup jobs started","timestamp":"2025-01-30T14:35:26.309Z"}
{"level":"info","message":"Server is running on port 3000","timestamp":"2025-01-30T14:37:22.020Z"}
{"level":"info","message":"Cleanup jobs started","timestamp":"2025-01-30T14:37:22.059Z"}
{"level":"info","message":"Server is running on port 3000","timestamp":"2025-01-30T14:38:41.581Z"}
{"level":"info","message":"Cleanup jobs started","timestamp":"2025-01-30T14:38:41.604Z"}
{"level":"info","message":"Server is running on port 3000","timestamp":"2025-01-30T14:47:54.373Z"}
{"level":"info","message":"Cleanup jobs started","timestamp":"2025-01-30T14:47:54.488Z"}
{"level":"info","message":"Server is running on port 3000","timestamp":"2025-01-30T14:54:58.957Z"}
{"level":"info","message":"Cleanup jobs started","timestamp":"2025-01-30T14:54:59.033Z"}
{"level":"info","message":"Server is running on port 3000","timestamp":"2025-01-30T14:55:11.520Z"}
{"level":"info","message":"Cleanup jobs started","timestamp":"2025-01-30T14:55:11.556Z"}
{"level":"info","message":"Server is running on port 3000","timestamp":"2025-01-30T14:55:49.465Z"}
{"level":"info","message":"Cleanup jobs started","timestamp":"2025-01-30T14:55:49.558Z"}
{"level":"info","message":"Server is running on port 3000","timestamp":"2025-01-30T14:56:04.738Z"}
{"level":"info","message":"Cleanup jobs started","timestamp":"2025-01-30T14:56:04.754Z"}
{"level":"info","message":"Server is running on port 3000","timestamp":"2025-01-30T14:59:49.033Z"}
{"level":"info","message":"Cleanup jobs started","timestamp":"2025-01-30T14:59:49.119Z"}
{"duration":259,"ip":"::1","level":"info","message":"Request processed","method":"POST","path":"/signup","statusCode":400,"timestamp":"2025-01-30T14:59:53.909Z"}
{"level":"info","message":"Shutting down server...","timestamp":"2025-01-30T15:00:02.596Z"}
{"level":"info","message":"Server is running on port 3000","timestamp":"2025-01-30T16:07:06.625Z"}
{"level":"info","message":"Cleanup jobs started","timestamp":"2025-01-30T16:07:06.667Z"}
{"level":"info","message":"Server is running on port 3000","timestamp":"2025-01-30T16:09:31.694Z"}
{"level":"info","message":"Cleanup jobs started","timestamp":"2025-01-30T16:09:31.783Z"}
{"duration":480,"ip":"::1","level":"info","message":"Request processed","method":"POST","path":"/signup","statusCode":400,"timestamp":"2025-01-30T16:10:14.721Z"}
{"level":"info","message":"Server is running on port 3000","timestamp":"2025-01-30T16:52:25.549Z"}
{"level":"info","message":"Cleanup jobs started","timestamp":"2025-01-30T16:52:25.570Z"}
{"level":"info","message":"Server is running on port 3000","timestamp":"2025-01-30T17:19:49.826Z"}
{"level":"info","message":"Cleanup jobs started","timestamp":"2025-01-30T17:19:49.905Z"}
{"duration":309,"ip":"::1","level":"info","message":"Request processed","method":"POST","path":"/signup","statusCode":201,"timestamp":"2025-01-30T17:22:51.285Z"}
{"level":"info","message":"Server is running on port 3000","timestamp":"2025-01-30T17:27:47.869Z"}
{"level":"info","message":"Cleanup jobs started","timestamp":"2025-01-30T17:27:47.897Z"}
{"level":"info","message":"Server is running on port 3000","timestamp":"2025-01-30T17:28:46.257Z"}
{"level":"info","message":"Cleanup jobs started","timestamp":"2025-01-30T17:28:46.291Z"}
{"duration":603,"ip":"::1","level":"info","message":"Request processed","method":"POST","path":"/login","statusCode":200,"timestamp":"2025-01-30T17:29:19.793Z"}
{"duration":13,"ip":"::1","level":"info","message":"Request processed","method":"POST","path":"/refresh-token","statusCode":200,"timestamp":"2025-01-30T17:29:38.341Z"}
{"error":"Invalid refresh token","ip":"::1","level":"error","message":"Error occurred","method":"POST","path":"/api/auth/refresh-token","stack":"Error: Invalid refresh token\n    at new UnauthorizedError (C:\\Users\\Ericsson Raphael\\Desktop\\Bank_API\\src\\utils\\errors.ts:23:5)\n    at UserService.refreshToken (C:\\Users\\Ericsson Raphael\\Desktop\\Bank_API\\src\\services\\user.service.ts:98:13)\n    at processTicksAndRejections (node:internal/process/task_queues:95:5)\n    at TokenController.refreshToken (C:\\Users\\Ericsson Raphael\\Desktop\\Bank_API\\src\\controllers\\tokenController.ts:16:24)","timestamp":"2025-01-30T17:45:00.268Z"}
{"duration":212,"ip":"::1","level":"info","message":"Request processed","method":"POST","path":"/api/auth/refresh-token","statusCode":401,"timestamp":"2025-01-30T17:45:00.326Z"}
{"duration":186,"ip":"::1","level":"info","message":"Request processed","method":"POST","path":"/login","statusCode":200,"timestamp":"2025-01-30T17:45:12.956Z"}
{"duration":11,"ip":"::1","level":"info","message":"Request processed","method":"POST","path":"/refresh-token","statusCode":200,"timestamp":"2025-01-30T17:45:18.891Z"}
{"level":"info","message":"Server is running on port 3000","timestamp":"2025-01-30T17:49:16.867Z"}
{"level":"info","message":"Cleanup jobs started","timestamp":"2025-01-30T17:49:16.972Z"}
{"level":"info","message":"Server is running on port 3000","timestamp":"2025-01-30T17:50:20.287Z"}
{"level":"info","message":"Cleanup jobs started","timestamp":"2025-01-30T17:50:20.408Z"}
{"duration":480,"ip":"::1","level":"info","message":"Request processed","method":"POST","path":"/login","statusCode":200,"timestamp":"2025-01-30T17:50:37.610Z"}
{"duration":56,"ip":"::1","level":"info","message":"Request processed","method":"POST","path":"/refresh-token","statusCode":200,"timestamp":"2025-01-30T17:50:44.179Z"}
{"duration":107,"ip":"::1","level":"info","message":"Request processed","method":"GET","path":"/","statusCode":200,"timestamp":"2025-01-30T17:51:56.648Z"}
{"error":"","ip":"::1","level":"error","message":"Error occurred","method":"POST","path":"/api/accounts","stack":"Error: \n    at auth (C:\\Users\\Ericsson Raphael\\Desktop\\Bank_API\\src\\middleware\\auth.ts:18:13)\n    at Layer.handle [as handle_request] (C:\\Users\\Ericsson Raphael\\Desktop\\Bank_API\\node_modules\\express\\lib\\router\\layer.js:95:5)\n    at next (C:\\Users\\Ericsson Raphael\\Desktop\\Bank_API\\node_modules\\express\\lib\\router\\route.js:149:13)\n    at Route.dispatch (C:\\Users\\Ericsson Raphael\\Desktop\\Bank_API\\node_modules\\express\\lib\\router\\route.js:119:3)\n    at Layer.handle [as handle_request] (C:\\Users\\Ericsson Raphael\\Desktop\\Bank_API\\node_modules\\express\\lib\\router\\layer.js:95:5)\n    at C:\\Users\\Ericsson Raphael\\Desktop\\Bank_API\\node_modules\\express\\lib\\router\\index.js:284:15\n    at Function.process_params (C:\\Users\\Ericsson Raphael\\Desktop\\Bank_API\\node_modules\\express\\lib\\router\\index.js:346:12)\n    at next (C:\\Users\\Ericsson Raphael\\Desktop\\Bank_API\\node_modules\\express\\lib\\router\\index.js:280:10)\n    at Function.handle (C:\\Users\\Ericsson Raphael\\Desktop\\Bank_API\\node_modules\\express\\lib\\router\\index.js:175:3)\n    at router (C:\\Users\\Ericsson Raphael\\Desktop\\Bank_API\\node_modules\\express\\lib\\router\\index.js:47:12)","timestamp":"2025-01-30T17:52:03.122Z"}
{"duration":474,"ip":"::1","level":"info","message":"Request processed","method":"POST","path":"/api/accounts","statusCode":401,"timestamp":"2025-01-30T17:52:03.329Z"}
{"level":"info","message":"Server is running on port 3000","timestamp":"2025-01-30T17:58:38.192Z"}
{"level":"info","message":"Cleanup jobs started","timestamp":"2025-01-30T17:58:38.334Z"}
{"error":"","ip":"::1","level":"error","message":"Error occurred","method":"POST","path":"/api/accounts","stack":"Error: \n    at auth (C:\\Users\\Ericsson Raphael\\Desktop\\Bank_API\\src\\middleware\\auth.ts:18:13)\n    at Layer.handle [as handle_request] (C:\\Users\\Ericsson Raphael\\Desktop\\Bank_API\\node_modules\\express\\lib\\router\\layer.js:95:5)\n    at next (C:\\Users\\Ericsson Raphael\\Desktop\\Bank_API\\node_modules\\express\\lib\\router\\route.js:149:13)\n    at Route.dispatch (C:\\Users\\Ericsson Raphael\\Desktop\\Bank_API\\node_modules\\express\\lib\\router\\route.js:119:3)\n    at Layer.handle [as handle_request] (C:\\Users\\Ericsson Raphael\\Desktop\\Bank_API\\node_modules\\express\\lib\\router\\layer.js:95:5)\n    at C:\\Users\\Ericsson Raphael\\Desktop\\Bank_API\\node_modules\\express\\lib\\router\\index.js:284:15\n    at Function.process_params (C:\\Users\\Ericsson Raphael\\Desktop\\Bank_API\\node_modules\\express\\lib\\router\\index.js:346:12)\n    at next (C:\\Users\\Ericsson Raphael\\Desktop\\Bank_API\\node_modules\\express\\lib\\router\\index.js:280:10)\n    at Function.handle (C:\\Users\\Ericsson Raphael\\Desktop\\Bank_API\\node_modules\\express\\lib\\router\\index.js:175:3)\n    at router (C:\\Users\\Ericsson Raphael\\Desktop\\Bank_API\\node_modules\\express\\lib\\router\\index.js:47:12)","timestamp":"2025-01-30T18:00:28.170Z"}
{"duration":74,"ip":"::1","level":"info","message":"Request processed","method":"POST","path":"/api/accounts","statusCode":401,"timestamp":"2025-01-30T18:00:28.221Z"}
{"level":"info","message":"Server is running on port 3000","timestamp":"2025-01-30T18:11:50.374Z"}
{"level":"info","message":"Cleanup jobs started","timestamp":"2025-01-30T18:11:50.498Z"}
{"level":"info","message":"Server is running on port 3000","timestamp":"2025-01-30T18:12:21.854Z"}
{"level":"info","message":"Cleanup jobs started","timestamp":"2025-01-30T18:12:21.877Z"}
{"duration":363,"ip":"::1","level":"info","message":"Request processed","method":"POST","path":"/refresh-token","statusCode":200,"timestamp":"2025-01-30T18:12:37.473Z"}
{"duration":2,"ip":"::1","level":"info","message":"Request processed","method":"POST","path":"/","statusCode":401,"timestamp":"2025-01-30T18:12:41.765Z"}
{"data":"<html>\r\n<head><title>404 Not Found</title></head>\r\n<body>\r\n<center><h1>404 Not Found</h1></center>\r\n<hr><center>nginx/1.18.0 (Ubuntu)</center>\r\n</body>\r\n</html>\r\n","level":"error","message":"Raven API Error:","status":404,"timestamp":"2025-01-30T18:12:58.268Z"}
{"error":"Failed to create virtual account: Raven API Error: Request failed with status code 404","ip":"::1","level":"error","message":"Error occurred","method":"POST","path":"/api/accounts","stack":"Error: Failed to create virtual account: Raven API Error: Request failed with status code 404\n    at RavenAtlasService.createVirtualAccount (C:\\Users\\Ericsson Raphael\\Desktop\\Bank_API\\src\\services\\ravenAtlas.service.ts:115:13)\n    at processTicksAndRejections (node:internal/process/task_queues:95:5)\n    at AccountController.createAccount (C:\\Users\\Ericsson Raphael\\Desktop\\Bank_API\\src\\controllers\\accountController.ts:14:23)","timestamp":"2025-01-30T18:12:58.391Z"}
{"duration":1196,"ip":"::1","level":"info","message":"Request processed","method":"POST","path":"/api/accounts","statusCode":500,"timestamp":"2025-01-30T18:12:58.407Z"}
{"level":"info","message":"Server is running on port 3000","timestamp":"2025-01-30T18:18:26.144Z"}
{"level":"info","message":"Cleanup jobs started","timestamp":"2025-01-30T18:18:26.283Z"}
{"level":"info","message":"Server is running on port 3000","timestamp":"2025-01-30T18:18:58.761Z"}
{"level":"info","message":"Cleanup jobs started","timestamp":"2025-01-30T18:18:58.785Z"}
{"data":"<html>\r\n<head><title>404 Not Found</title></head>\r\n<body>\r\n<center><h1>404 Not Found</h1></center>\r\n<hr><center>nginx/1.18.0 (Ubuntu)</center>\r\n</body>\r\n</html>\r\n","level":"error","message":"Raven API Error:","status":404,"timestamp":"2025-01-30T18:21:16.107Z"}
{"error":"Failed to create virtual account: Raven API Error: Request failed with status code 404","ip":"::1","level":"error","message":"Error occurred","method":"POST","path":"/api/accounts","stack":"Error: Failed to create virtual account: Raven API Error: Request failed with status code 404\n    at RavenAtlasService.createVirtualAccount (C:\\Users\\Ericsson Raphael\\Desktop\\Bank_API\\src\\services\\ravenAtlas.service.ts:117:13)\n    at processTicksAndRejections (node:internal/process/task_queues:95:5)\n    at AccountController.createAccount (C:\\Users\\Ericsson Raphael\\Desktop\\Bank_API\\src\\controllers\\accountController.ts:14:23)","timestamp":"2025-01-30T18:21:16.119Z"}
{"duration":4215,"ip":"::1","level":"info","message":"Request processed","method":"POST","path":"/api/accounts","statusCode":500,"timestamp":"2025-01-30T18:21:16.146Z"}
{"data":"<html>\r\n<head><title>404 Not Found</title></head>\r\n<body>\r\n<center><h1>404 Not Found</h1></center>\r\n<hr><center>nginx/1.18.0 (Ubuntu)</center>\r\n</body>\r\n</html>\r\n","level":"error","message":"Raven API Error:","status":404,"timestamp":"2025-01-30T18:21:33.301Z"}
{"error":"Failed to create virtual account: Raven API Error: Request failed with status code 404","ip":"::1","level":"error","message":"Error occurred","method":"POST","path":"/api/accounts","stack":"Error: Failed to create virtual account: Raven API Error: Request failed with status code 404\n    at RavenAtlasService.createVirtualAccount (C:\\Users\\Ericsson Raphael\\Desktop\\Bank_API\\src\\services\\ravenAtlas.service.ts:117:13)\n    at processTicksAndRejections (node:internal/process/task_queues:95:5)\n    at AccountController.createAccount (C:\\Users\\Ericsson Raphael\\Desktop\\Bank_API\\src\\controllers\\accountController.ts:14:23)","timestamp":"2025-01-30T18:21:33.306Z"}
{"duration":650,"ip":"::1","level":"info","message":"Request processed","method":"POST","path":"/api/accounts","statusCode":500,"timestamp":"2025-01-30T18:21:33.312Z"}
{"level":"info","message":"Server is running on port 3000","timestamp":"2025-01-30T19:11:38.956Z"}
{"level":"info","message":"Cleanup jobs started","timestamp":"2025-01-30T19:11:39.120Z"}
{"level":"info","message":"Server is running on port 3000","timestamp":"2025-01-30T19:29:08.241Z"}
{"level":"info","message":"Cleanup jobs started","timestamp":"2025-01-30T19:29:08.267Z"}
{"duration":8,"ip":"::1","level":"info","message":"Request processed","method":"POST","path":"/signup","statusCode":400,"timestamp":"2025-01-30T19:30:27.107Z"}
{"level":"info","message":"Server is running on port 3000","timestamp":"2025-01-30T19:31:48.479Z"}
{"level":"info","message":"Cleanup jobs started","timestamp":"2025-01-30T19:31:48.505Z"}
{"duration":396,"ip":"::1","level":"info","message":"Request processed","method":"POST","path":"/signup","statusCode":201,"timestamp":"2025-01-30T19:33:04.810Z"}
{"data":"<html>\r\n<head><title>404 Not Found</title></head>\r\n<body>\r\n<center><h1>404 Not Found</h1></center>\r\n<hr><center>nginx/1.18.0 (Ubuntu)</center>\r\n</body>\r\n</html>\r\n","level":"error","message":"Raven API Error:","status":404,"timestamp":"2025-01-30T19:33:33.582Z"}
{"error":"Failed to create virtual account: Raven API Error: Request failed with status code 404","ip":"::1","level":"error","message":"Error occurred","method":"POST","path":"/api/accounts","stack":"Error: Failed to create virtual account: Raven API Error: Request failed with status code 404\n    at RavenAtlasService.createVirtualAccount (C:\\Users\\Ericsson Raphael\\Desktop\\Bank_API\\src\\services\\ravenAtlas.service.ts:124:13)\n    at processTicksAndRejections (node:internal/process/task_queues:95:5)\n    at AccountController.createAccount (C:\\Users\\Ericsson Raphael\\Desktop\\Bank_API\\src\\controllers\\accountController.ts:14:23)","timestamp":"2025-01-30T19:33:33.592Z"}
{"duration":948,"ip":"::1","level":"info","message":"Request processed","method":"POST","path":"/api/accounts","statusCode":500,"timestamp":"2025-01-30T19:33:33.596Z"}
{"level":"info","message":"Server is running on port 3000","timestamp":"2025-01-30T19:52:05.547Z"}
{"level":"info","message":"Cleanup jobs started","timestamp":"2025-01-30T19:52:05.575Z"}
{"data":"<html>\r\n<head><title>404 Not Found</title></head>\r\n<body>\r\n<center><h1>404 Not Found</h1></center>\r\n<hr><center>nginx/1.18.0 (Ubuntu)</center>\r\n</body>\r\n</html>\r\n","level":"error","message":"Raven API Error:","status":404,"timestamp":"2025-01-30T19:52:25.090Z"}
{"error":"Failed to create virtual account: Raven API Error: Request failed with status code 404","ip":"::1","level":"error","message":"Error occurred","method":"POST","path":"/api/accounts","stack":"Error: Failed to create virtual account: Raven API Error: Request failed with status code 404\n    at RavenAtlasService.createVirtualAccount (C:\\Users\\Ericsson Raphael\\Desktop\\Bank_API\\src\\services\\ravenAtlas.service.ts:124:13)\n    at processTicksAndRejections (node:internal/process/task_queues:95:5)\n    at AccountController.createAccount (C:\\Users\\Ericsson Raphael\\Desktop\\Bank_API\\src\\controllers\\accountController.ts:14:23)","timestamp":"2025-01-30T19:52:25.099Z"}
{"duration":7412,"ip":"::1","level":"info","message":"Request processed","method":"POST","path":"/api/accounts","statusCode":500,"timestamp":"2025-01-30T19:52:25.110Z"}
{"level":"info","message":"Server is running on port 3000","timestamp":"2025-01-30T19:54:55.766Z"}
{"level":"info","message":"Cleanup jobs started","timestamp":"2025-01-30T19:54:55.879Z"}
{"level":"info","message":"Server is running on port 3000","timestamp":"2025-01-30T19:59:43.330Z"}
{"level":"info","message":"Cleanup jobs started","timestamp":"2025-01-30T19:59:43.360Z"}
{"level":"info","message":"Server is running on port 3000","timestamp":"2025-01-30T20:06:01.770Z"}
{"level":"info","message":"Cleanup jobs started","timestamp":"2025-01-30T20:06:01.841Z"}
{"duration":512,"ip":"::1","level":"info","message":"Request processed","method":"POST","path":"/login","statusCode":200,"timestamp":"2025-01-30T20:07:41.374Z"}
{"data":"<html>\r\n<head><title>404 Not Found</title></head>\r\n<body>\r\n<center><h1>404 Not Found</h1></center>\r\n<hr><center>nginx/1.18.0 (Ubuntu)</center>\r\n</body>\r\n</html>\r\n","level":"error","message":"Raven API Error:","status":404,"timestamp":"2025-01-30T20:07:47.399Z"}
{"error":"Failed to create virtual account: Raven API Error: Request failed with status code 404","ip":"::1","level":"error","message":"Error occurred","method":"POST","path":"/api/accounts","stack":"Error: Failed to create virtual account: Raven API Error: Request failed with status code 404\n    at RavenAtlasService.createVirtualAccount (C:\\Users\\Ericsson Raphael\\Desktop\\Bank_API\\src\\services\\ravenAtlas.service.ts:124:13)\n    at processTicksAndRejections (node:internal/process/task_queues:95:5)\n    at AccountController.createAccount (C:\\Users\\Ericsson Raphael\\Desktop\\Bank_API\\src\\controllers\\accountController.ts:14:23)","timestamp":"2025-01-30T20:07:47.415Z"}
{"duration":1504,"ip":"::1","level":"info","message":"Request processed","method":"POST","path":"/api/accounts","statusCode":500,"timestamp":"2025-01-30T20:07:47.420Z"}
{"level":"info","message":"Server is running on port 3000","timestamp":"2025-01-30T20:10:45.650Z"}
{"level":"info","message":"Cleanup jobs started","timestamp":"2025-01-30T20:10:45.903Z"}
{"level":"info","message":"Server is running on port 3000","timestamp":"2025-01-30T20:12:05.242Z"}
{"level":"info","message":"Cleanup jobs started","timestamp":"2025-01-30T20:12:05.368Z"}
{"data":{"message":"invalid secret key","status":"fail"},"level":"error","message":"Raven API Error:","status":400,"timestamp":"2025-01-30T20:12:13.731Z"}
{"error":"Failed to create virtual account: Raven API Error: invalid secret key","ip":"::1","level":"error","message":"Error occurred","method":"POST","path":"/api/accounts","stack":"Error: Failed to create virtual account: Raven API Error: invalid secret key\n    at RavenAtlasService.createVirtualAccount (C:\\Users\\Ericsson Raphael\\Desktop\\Bank_API\\src\\services\\ravenAtlas.service.ts:124:13)\n    at processTicksAndRejections (node:internal/process/task_queues:95:5)\n    at AccountController.createAccount (C:\\Users\\Ericsson Raphael\\Desktop\\Bank_API\\src\\controllers\\accountController.ts:14:23)","timestamp":"2025-01-30T20:12:13.747Z"}
{"duration":2541,"ip":"::1","level":"info","message":"Request processed","method":"POST","path":"/api/accounts","statusCode":500,"timestamp":"2025-01-30T20:12:13.763Z"}
